[Fri, 24 Oct 2025 15:18:46 +0700] [localhost] [::1] [Error(1): Uncaught PDOException: SQLSTATE[HY093]: Invalid parameter number in D:\xampp\htdocs\nukeviet\vendor\vinades\nukeviet\Core\Database.php:694
Stack trace:
#0 D:\xampp\htdocs\nukeviet\vendor\vinades\nukeviet\Core\Database.php(694): PDOStatement->execute(NULL)
#1 D:\xampp\htdocs\nukeviet\modules\tool-slip-management\admin\tools.php(199): NukeViet\Core\NukeVietPDOStatement->execute()
#2 D:\xampp\htdocs\nukeviet\admin\index.php(182): require('D:\\xampp\\htdocs...')
#3 {main}
  thrown] [FILE: /vendor/vinades/nukeviet/Core/Database.php] [LINE: 694]
[Fri, 24 Oct 2025 16:31:56 +0700] [localhost] [::1] [Warning(2): Undefined array key "added_date"] [FILE: /modules/tool-slip-management/admin/tools.php] [LINE: 169] [TRACE:]
#1  LINE: 182   FILE: /admin/index.php

[Fri, 24 Oct 2025 16:31:56 +0700] [localhost] [::1] [Run-time notices(8192): strtotime(): Passing null to parameter #1 ($datetime) of type string is deprecated] [FILE: /modules/tool-slip-management/admin/tools.php] [LINE: 169] [TRACE:]
#1  LINE: 182   FILE: /admin/index.php
#2  LINE: 169   FILE: /modules/tool-slip-management/admin/tools.php

[Fri, 24 Oct 2025 22:02:06 +0700] [localhost] [::1] [Warning(2): Undefined array key "added_date"] [FILE: /modules/tool-slip-management/admin/tools.php] [LINE: 177] [TRACE:]
#1  LINE: 182   FILE: /admin/index.php

[Fri, 24 Oct 2025 22:02:06 +0700] [localhost] [::1] [Run-time notices(8192): strtotime(): Passing null to parameter #1 ($datetime) of type string is deprecated] [FILE: /modules/tool-slip-management/admin/tools.php] [LINE: 177] [TRACE:]
#1  LINE: 182   FILE: /admin/index.php
#2  LINE: 177   FILE: /modules/tool-slip-management/admin/tools.php

[Fri, 24 Oct 2025 22:10:36 +0700] [localhost] [::1] [Warning(2): Undefined array key "added_date"] [FILE: /modules/tool-slip-management/admin/tools.php] [LINE: 195] [TRACE:]
#1  LINE: 182   FILE: /admin/index.php

[Fri, 24 Oct 2025 22:10:36 +0700] [localhost] [::1] [Run-time notices(8192): strtotime(): Passing null to parameter #1 ($datetime) of type string is deprecated] [FILE: /modules/tool-slip-management/admin/tools.php] [LINE: 195] [TRACE:]
#1  LINE: 182   FILE: /admin/index.php
#2  LINE: 195   FILE: /modules/tool-slip-management/admin/tools.php

[Fri, 24 Oct 2025 22:27:52 +0700] [localhost] [::1] [Warning(2): Undefined array key "added_date"] [FILE: /modules/tool-slip-management/admin/tools.php] [LINE: 242] [TRACE:]
#1  LINE: 182   FILE: /admin/index.php

[Fri, 24 Oct 2025 22:27:52 +0700] [localhost] [::1] [Run-time notices(8192): strtotime(): Passing null to parameter #1 ($datetime) of type string is deprecated] [FILE: /modules/tool-slip-management/admin/tools.php] [LINE: 242] [TRACE:]
#1  LINE: 182   FILE: /admin/index.php
#2  LINE: 242   FILE: /modules/tool-slip-management/admin/tools.php

[Fri, 24 Oct 2025 22:30:29 +0700] [localhost] [::1] [Warning(2): Undefined array key "added_date"] [FILE: /modules/tool-slip-management/admin/tools.php] [LINE: 243] [TRACE:]
#1  LINE: 182   FILE: /admin/index.php

[Fri, 24 Oct 2025 22:30:29 +0700] [localhost] [::1] [Run-time notices(8192): strtotime(): Passing null to parameter #1 ($datetime) of type string is deprecated] [FILE: /modules/tool-slip-management/admin/tools.php] [LINE: 243] [TRACE:]
#1  LINE: 182   FILE: /admin/index.php
#2  LINE: 243   FILE: /modules/tool-slip-management/admin/tools.php

[Fri, 24 Oct 2025 22:38:35 +0700] [localhost] [::1] [Warning(2): Undefined array key "added_date"] [FILE: /modules/tool-slip-management/admin/tools.php] [LINE: 257] [TRACE:]
#1  LINE: 182   FILE: /admin/index.php

[Fri, 24 Oct 2025 22:38:35 +0700] [localhost] [::1] [Run-time notices(8192): strtotime(): Passing null to parameter #1 ($datetime) of type string is deprecated] [FILE: /modules/tool-slip-management/admin/tools.php] [LINE: 257] [TRACE:]
#1  LINE: 182   FILE: /admin/index.php
#2  LINE: 257   FILE: /modules/tool-slip-management/admin/tools.php

[Fri, 24 Oct 2025 22:44:38 +0700] [localhost] [::1] [Warning(2): Undefined array key "added_date"] [FILE: /modules/tool-slip-management/admin/tools.php] [LINE: 180] [TRACE:]
#1  LINE: 182   FILE: /admin/index.php

[Fri, 24 Oct 2025 22:48:20 +0700] [localhost] [::1] [Warning(2): Undefined array key "added_date"] [FILE: /modules/tool-slip-management/admin/tools.php] [LINE: 263] [TRACE:]
#1  LINE: 182   FILE: /admin/index.php

[Fri, 24 Oct 2025 22:48:20 +0700] [localhost] [::1] [Run-time notices(8192): strtotime(): Passing null to parameter #1 ($datetime) of type string is deprecated] [FILE: /modules/tool-slip-management/admin/tools.php] [LINE: 263] [TRACE:]
#1  LINE: 182   FILE: /admin/index.php
#2  LINE: 263   FILE: /modules/tool-slip-management/admin/tools.php

[Fri, 24 Oct 2025 23:06:12 +0700] [localhost] [::1] [Warning(2): Undefined array key "added_date"] [FILE: /modules/tool-slip-management/admin/tools.php] [LINE: 349] [TRACE:]
#1  LINE: 182   FILE: /admin/index.php

[Fri, 24 Oct 2025 23:06:12 +0700] [localhost] [::1] [Run-time notices(8192): strtotime(): Passing null to parameter #1 ($datetime) of type string is deprecated] [FILE: /modules/tool-slip-management/admin/tools.php] [LINE: 349] [TRACE:]
#1  LINE: 182   FILE: /admin/index.php
#2  LINE: 349   FILE: /modules/tool-slip-management/admin/tools.php

[Fri, 24 Oct 2025 23:11:09 +0700] [localhost] [::1] [Warning(2): Undefined array key "added_date"] [FILE: /modules/tool-slip-management/admin/tools.php] [LINE: 355] [TRACE:]
#1  LINE: 182   FILE: /admin/index.php

[Fri, 24 Oct 2025 23:11:09 +0700] [localhost] [::1] [Run-time notices(8192): strtotime(): Passing null to parameter #1 ($datetime) of type string is deprecated] [FILE: /modules/tool-slip-management/admin/tools.php] [LINE: 355] [TRACE:]
#1  LINE: 182   FILE: /admin/index.php
#2  LINE: 355   FILE: /modules/tool-slip-management/admin/tools.php

[Fri, 24 Oct 2025 23:12:01 +0700] [localhost] [::1] [Warning(2): Undefined array key "added_date"] [FILE: /modules/tool-slip-management/admin/tools.php] [LINE: 358] [TRACE:]
#1  LINE: 182   FILE: /admin/index.php

[Fri, 24 Oct 2025 23:12:01 +0700] [localhost] [::1] [Run-time notices(8192): strtotime(): Passing null to parameter #1 ($datetime) of type string is deprecated] [FILE: /modules/tool-slip-management/admin/tools.php] [LINE: 358] [TRACE:]
#1  LINE: 182   FILE: /admin/index.php
#2  LINE: 358   FILE: /modules/tool-slip-management/admin/tools.php

[Fri, 24 Oct 2025 23:13:25 +0700] [localhost] [::1] [Warning(2): Undefined array key "added_date"] [FILE: /modules/tool-slip-management/admin/tools.php] [LINE: 362] [TRACE:]
#1  LINE: 182   FILE: /admin/index.php

[Fri, 24 Oct 2025 23:13:25 +0700] [localhost] [::1] [Run-time notices(8192): strtotime(): Passing null to parameter #1 ($datetime) of type string is deprecated] [FILE: /modules/tool-slip-management/admin/tools.php] [LINE: 362] [TRACE:]
#1  LINE: 182   FILE: /admin/index.php
#2  LINE: 362   FILE: /modules/tool-slip-management/admin/tools.php

[Fri, 24 Oct 2025 23:17:52 +0700] [localhost] [::1] [Warning(2): Undefined array key "added_date"] [FILE: /modules/tool-slip-management/admin/tools.php] [LINE: 369] [TRACE:]
#1  LINE: 182   FILE: /admin/index.php

[Fri, 24 Oct 2025 23:17:52 +0700] [localhost] [::1] [Run-time notices(8192): strtotime(): Passing null to parameter #1 ($datetime) of type string is deprecated] [FILE: /modules/tool-slip-management/admin/tools.php] [LINE: 369] [TRACE:]
#1  LINE: 182   FILE: /admin/index.php
#2  LINE: 369   FILE: /modules/tool-slip-management/admin/tools.php

[Fri, 24 Oct 2025 23:34:32 +0700] [localhost] [::1] [Warning(2): Undefined array key "category_id"] [FILE: /modules/tool-slip-management/admin/tools.php] [LINE: 141] [TRACE:]
#1  LINE: 182   FILE: /admin/index.php

[Fri, 24 Oct 2025 23:34:32 +0700] [localhost] [::1] [Warning(2): Undefined array key "status"] [FILE: /modules/tool-slip-management/admin/tools.php] [LINE: 149] [TRACE:]
#1  LINE: 182   FILE: /admin/index.php

[Fri, 24 Oct 2025 23:34:32 +0700] [localhost] [::1] [Warning(2): Undefined array key "category_id"] [FILE: /modules/tool-slip-management/admin/tools.php] [LINE: 170] [TRACE:]
#1  LINE: 182   FILE: /admin/index.php

[Fri, 24 Oct 2025 23:34:32 +0700] [localhost] [::1] [Warning(2): Undefined array key "tool_code"] [FILE: /modules/tool-slip-management/admin/tools.php] [LINE: 191] [TRACE:]
#1  LINE: 182   FILE: /admin/index.php

[Fri, 24 Oct 2025 23:34:32 +0700] [localhost] [::1] [Warning(2): Undefined array key "name"] [FILE: /modules/tool-slip-management/admin/tools.php] [LINE: 197] [TRACE:]
#1  LINE: 182   FILE: /admin/index.php

[Fri, 24 Oct 2025 23:34:32 +0700] [localhost] [::1] [Warning(2): Undefined array key "description"] [FILE: /modules/tool-slip-management/admin/tools.php] [LINE: 203] [TRACE:]
#1  LINE: 182   FILE: /admin/index.php

[Fri, 24 Oct 2025 23:35:12 +0700] [localhost] [::1] [Error(1): Uncaught PDOException: SQLSTATE[42S22]: Column not found: 1054 Unknown column 'added_date' in 'field list' in D:\xampp\htdocs\nukeviet\vendor\vinades\nukeviet\Core\Database.php:580
Stack trace:
#0 D:\xampp\htdocs\nukeviet\vendor\vinades\nukeviet\Core\Database.php(580): PDO->prepare('INSERT INTO nv4...', Array)
#1 D:\xampp\htdocs\nukeviet\modules\tool-slip-management\admin\tools.php(101): NukeViet\Core\Database->prepare('INSERT INTO nv4...')
#2 D:\xampp\htdocs\nukeviet\admin\index.php(182): require('D:\\xampp\\htdocs...')
#3 {main}
  thrown] [FILE: /vendor/vinades/nukeviet/Core/Database.php] [LINE: 580]
[Fri, 24 Oct 2025 23:36:52 +0700] [localhost] [::1] [Warning(2): Undefined array key "category_id"] [FILE: /modules/tool-slip-management/admin/tools.php] [LINE: 140] [TRACE:]
#1  LINE: 182   FILE: /admin/index.php

[Fri, 24 Oct 2025 23:36:52 +0700] [localhost] [::1] [Warning(2): Undefined array key "status"] [FILE: /modules/tool-slip-management/admin/tools.php] [LINE: 148] [TRACE:]
#1  LINE: 182   FILE: /admin/index.php

[Fri, 24 Oct 2025 23:36:52 +0700] [localhost] [::1] [Warning(2): Undefined array key "status"] [FILE: /modules/tool-slip-management/admin/tools.php] [LINE: 176] [TRACE:]
#1  LINE: 182   FILE: /admin/index.php

[Fri, 24 Oct 2025 23:36:52 +0700] [localhost] [::1] [Warning(2): Undefined array key "tool_code"] [FILE: /modules/tool-slip-management/admin/tools.php] [LINE: 190] [TRACE:]
#1  LINE: 182   FILE: /admin/index.php

[Fri, 24 Oct 2025 23:36:52 +0700] [localhost] [::1] [Warning(2): Undefined array key "name"] [FILE: /modules/tool-slip-management/admin/tools.php] [LINE: 196] [TRACE:]
#1  LINE: 182   FILE: /admin/index.php

[Fri, 24 Oct 2025 23:36:52 +0700] [localhost] [::1] [Warning(2): Undefined array key "description"] [FILE: /modules/tool-slip-management/admin/tools.php] [LINE: 202] [TRACE:]
#1  LINE: 182   FILE: /admin/index.php

[Fri, 24 Oct 2025 23:39:21 +0700] [localhost] [::1] [Warning(2): Undefined array key "category_id"] [FILE: /modules/tool-slip-management/admin/tools.php] [LINE: 155] [TRACE:]
#1  LINE: 182   FILE: /admin/index.php

[Fri, 24 Oct 2025 23:39:21 +0700] [localhost] [::1] [Warning(2): Undefined array key "status"] [FILE: /modules/tool-slip-management/admin/tools.php] [LINE: 163] [TRACE:]
#1  LINE: 182   FILE: /admin/index.php

[Fri, 24 Oct 2025 23:39:21 +0700] [localhost] [::1] [Warning(2): Undefined array key "category_id"] [FILE: /modules/tool-slip-management/admin/tools.php] [LINE: 184] [TRACE:]
#1  LINE: 182   FILE: /admin/index.php

[Fri, 24 Oct 2025 23:39:21 +0700] [localhost] [::1] [Warning(2): Undefined array key "tool_code"] [FILE: /modules/tool-slip-management/admin/tools.php] [LINE: 205] [TRACE:]
#1  LINE: 182   FILE: /admin/index.php

[Fri, 24 Oct 2025 23:39:21 +0700] [localhost] [::1] [Warning(2): Undefined array key "name"] [FILE: /modules/tool-slip-management/admin/tools.php] [LINE: 211] [TRACE:]
#1  LINE: 182   FILE: /admin/index.php

[Fri, 24 Oct 2025 23:39:21 +0700] [localhost] [::1] [Warning(2): Undefined array key "description"] [FILE: /modules/tool-slip-management/admin/tools.php] [LINE: 217] [TRACE:]
#1  LINE: 182   FILE: /admin/index.php

[Fri, 24 Oct 2025 23:50:35 +0700] [localhost] [::1] [Warning(2): Undefined variable $action] [FILE: /modules/tool-slip-management/admin/borrowing.php] [LINE: 23] [TRACE:]
#1  LINE: 182   FILE: /admin/index.php

