[Sun, 26 Oct 2025 22:37:35 +0700] [localhost] [::1] [Warning(2): Undefined array key "category_id"] [FILE: /modules/tool-slip-management/admin/tools.php] [LINE: 155] [TRACE:]
#1  LINE: 182   FILE: /admin/index.php

[Sun, 26 Oct 2025 22:37:35 +0700] [localhost] [::1] [Warning(2): Undefined array key "status"] [FILE: /modules/tool-slip-management/admin/tools.php] [LINE: 163] [TRACE:]
#1  LINE: 182   FILE: /admin/index.php

[Sun, 26 Oct 2025 22:37:35 +0700] [localhost] [::1] [Warning(2): Undefined array key "category_id"] [FILE: /modules/tool-slip-management/admin/tools.php] [LINE: 184] [TRACE:]
#1  LINE: 182   FILE: /admin/index.php

[Sun, 26 Oct 2025 22:37:35 +0700] [localhost] [::1] [Warning(2): Undefined array key "status"] [FILE: /modules/tool-slip-management/admin/tools.php] [LINE: 191] [TRACE:]
#1  LINE: 182   FILE: /admin/index.php

[Sun, 26 Oct 2025 22:37:35 +0700] [localhost] [::1] [Warning(2): Undefined array key "tool_code"] [FILE: /modules/tool-slip-management/admin/tools.php] [LINE: 205] [TRACE:]
#1  LINE: 182   FILE: /admin/index.php

[Sun, 26 Oct 2025 22:37:35 +0700] [localhost] [::1] [Warning(2): Undefined array key "name"] [FILE: /modules/tool-slip-management/admin/tools.php] [LINE: 211] [TRACE:]
#1  LINE: 182   FILE: /admin/index.php

[Sun, 26 Oct 2025 22:37:35 +0700] [localhost] [::1] [Warning(2): Undefined array key "description"] [FILE: /modules/tool-slip-management/admin/tools.php] [LINE: 217] [TRACE:]
#1  LINE: 182   FILE: /admin/index.php

[Sun, 26 Oct 2025 23:16:54 +0700] [localhost] [::1] [Error(1): Uncaught Error: Undefined constant "NV_BASE_DIR" in D:\xampp\htdocs\nukeviet\modules\tool-slip-management\admin\borrowing.php:171
Stack trace:
#0 D:\xampp\htdocs\nukeviet\admin\index.php(182): require()
#1 {main}
  thrown] [FILE: /modules/tool-slip-management/admin/borrowing.php] [LINE: 171]
[Sun, 26 Oct 2025 23:18:02 +0700] [localhost] [::1] [Error(1): Uncaught Error: Undefined constant "NV_BASE_DIR" in D:\xampp\htdocs\nukeviet\modules\tool-slip-management\admin\borrowing.php:175
Stack trace:
#0 D:\xampp\htdocs\nukeviet\admin\index.php(182): require()
#1 {main}
  thrown] [FILE: /modules/tool-slip-management/admin/borrowing.php] [LINE: 175]
