[Mon, 06 Oct 2025 23:31:36 +0700] [localhost] [::1] [Warning(2): Undefined array key "list_post"] [FILE: /modules/timekeeping/admin.menu.php] [LINE: 15] [TRACE:]
#1  LINE: 182   FILE: /admin/index.php
#2  LINE: 342   FILE: /admin/modules/edit.php
#3  LINE: 307   FILE: /themes/admin_default/theme.php
#4  LINE: 103   FILE: /themes/admin_default/theme.php

[Mon, 06 Oct 2025 23:31:36 +0700] [localhost] [::1] [Warning(2): Undefined array key "add_post"] [FILE: /modules/timekeeping/admin.menu.php] [LINE: 16] [TRACE:]
#1  LINE: 182   FILE: /admin/index.php
#2  LINE: 342   FILE: /admin/modules/edit.php
#3  LINE: 307   FILE: /themes/admin_default/theme.php
#4  LINE: 103   FILE: /themes/admin_default/theme.php

[Mon, 06 Oct 2025 23:46:05 +0700] [localhost] [::1] [Warning(2): file_get_contents(D:/xampp/htdocs/nukeviet/themes//modules/timekeeping\main.tpl): Failed to open stream: No such file or directory] [FILE: /includes/xtemplate.class.php] [LINE: 1333] [TRACE:]
#1  LINE: 182   FILE: /admin/index.php
#2  LINE: 9     FILE: /modules/timekeeping/admin/main.php
#3  LINE: 395   FILE: /includes/xtemplate.class.php
#4  LINE: 506   FILE: /includes/xtemplate.class.php
#5  LINE: 537   FILE: /includes/xtemplate.class.php
#6  LINE: 1365  FILE: /includes/xtemplate.class.php
#7  LINE: 1333  FILE: /includes/xtemplate.class.php

[Mon, 06 Oct 2025 23:46:05 +0700] [localhost] [::1] [Error(1): Uncaught PDOException: SQLSTATE[42S02]: Base table or view not found: 1146 Table 'nukeviet_db.nv4_vi_timekeeping_timekeeping' doesn't exist in D:\xampp\htdocs\nukeviet\vendor\vinades\nukeviet\Core\Database.php:544
Stack trace:
#0 D:\xampp\htdocs\nukeviet\vendor\vinades\nukeviet\Core\Database.php(544): PDO->query('SELECT * FROM n...', NULL)
#1 D:\xampp\htdocs\nukeviet\modules\timekeeping\admin\main.php(21): NukeViet\Core\Database->query('SELECT * FROM n...')
#2 D:\xampp\htdocs\nukeviet\admin\index.php(182): require('D:\\xampp\\htdocs...')
#3 {main}
  thrown] [FILE: /vendor/vinades/nukeviet/Core/Database.php] [LINE: 544]
